<?xml version="1.0" encoding="UTF-8"?>
<!-- Generated by org.testng.reporters.JUnitReportReporter -->
<testsuite hostname="NOVO" name="Tests.Sweety" tests="6" failures="0" timestamp="8 Jul 2016 18:46:32 GMT" time="10.059" errors="0">
  <testcase name="viewDailyReports" time="2.030" classname="Tests.Sweety"/>
  <testcase name="deleteLevelEntry" time="1.103" classname="Tests.Sweety"/>
  <testcase name="viewMonthlyReports" time="1.011" classname="Tests.Sweety"/>
  <testcase name="addLevelEntryPositive" time="2.848" classname="Tests.Sweety"/>
  <testcase name="validateLevelEntries" time="0.654" classname="Tests.Sweety"/>
  <testcase name="loginPositive" time="2.413" classname="Tests.Sweety"/>
</testsuite> <!-- Tests.Sweety -->
